-1.7
-showWeaveInfo
-source
1.7
-target
1.7
-verbose
-classpath
/Users/fredrik/.m2/repository/com/amazonaws/aws-java-sdk-simpleworkflow/1.10.69/aws-java-sdk-simpleworkflow-1.10.69.jar:/Users/fredrik/.m2/repository/com/amazonaws/aws-java-sdk/1.10.69/aws-java-sdk-1.10.69.jar:/Users/fredrik/.m2/repository/com/amazonaws/aws-java-sdk-flow-build-tools/1.10.69/aws-java-sdk-flow-build-tools-1.10.69.jar:/Users/fredrik/.m2/repository/org/freemarker/freemarker/2.3.21/freemarker-2.3.21.jar:/Users/fredrik/.m2/repository/org/aspectj/aspectjrt/1.7.4/aspectjrt-1.7.4.jar:/Users/fredrik/.m2/repository/com/amazonaws/aws-lambda-java-core/1.1.0/aws-lambda-java-core-1.1.0.jar:/Users/fredrik/.m2/repository/junit/junit/4.12/junit-4.12.jar:/Users/fredrik/.m2/repository/log4j/log4j/1.2.17/log4j-1.2.17.jar:/Users/fredrik/.m2/repository/com/amazonaws/aws-java-sdk-core/1.10.69/aws-java-sdk-core-1.10.69.jar:/Users/fredrik/.m2/repository/commons-logging/commons-logging/1.1.3/commons-logging-1.1.3.jar:/Users/fredrik/.m2/repository/org/apache/httpcomponents/httpclient/4.3.6/httpclient-4.3.6.jar:/Users/fredrik/.m2/repository/org/apache/httpcomponents/httpcore/4.3.3/httpcore-4.3.3.jar:/Users/fredrik/.m2/repository/commons-codec/commons-codec/1.6/commons-codec-1.6.jar:/Users/fredrik/.m2/repository/com/fasterxml/jackson/core/jackson-databind/2.5.3/jackson-databind-2.5.3.jar:/Users/fredrik/.m2/repository/com/fasterxml/jackson/core/jackson-annotations/2.5.0/jackson-annotations-2.5.0.jar:/Users/fredrik/.m2/repository/com/fasterxml/jackson/core/jackson-core/2.5.3/jackson-core-2.5.3.jar:/Users/fredrik/.m2/repository/com/fasterxml/jackson/dataformat/jackson-dataformat-cbor/2.5.3/jackson-dataformat-cbor-2.5.3.jar:/Users/fredrik/.m2/repository/joda-time/joda-time/2.8.1/joda-time-2.8.1.jar:/Users/fredrik/.m2/repository/com/amazonaws/aws-java-sdk-support/1.10.69/aws-java-sdk-support-1.10.69.jar:/Users/fredrik/.m2/repository/com/amazonaws/aws-java-sdk-simpledb/1.10.69/aws-java-sdk-simpledb-1.10.69.jar:/Users/fredrik/.m2/repository/com/amazonaws/aws-java-sdk-storagegateway/1.10.69/aws-java-sdk-storagegateway-1.10.69.jar:/Users/fredrik/.m2/repository/com/amazonaws/aws-java-sdk-route53/1.10.69/aws-java-sdk-route53-1.10.69.jar:/Users/fredrik/.m2/repository/com/amazonaws/aws-java-sdk-s3/1.10.69/aws-java-sdk-s3-1.10.69.jar:/Users/fredrik/.m2/repository/com/amazonaws/aws-java-sdk-importexport/1.10.69/aws-java-sdk-importexport-1.10.69.jar:/Users/fredrik/.m2/repository/com/amazonaws/aws-java-sdk-sts/1.10.69/aws-java-sdk-sts-1.10.69.jar:/Users/fredrik/.m2/repository/com/amazonaws/aws-java-sdk-sqs/1.10.69/aws-java-sdk-sqs-1.10.69.jar:/Users/fredrik/.m2/repository/com/amazonaws/aws-java-sdk-rds/1.10.69/aws-java-sdk-rds-1.10.69.jar:/Users/fredrik/.m2/repository/com/amazonaws/aws-java-sdk-redshift/1.10.69/aws-java-sdk-redshift-1.10.69.jar:/Users/fredrik/.m2/repository/com/amazonaws/aws-java-sdk-elasticbeanstalk/1.10.69/aws-java-sdk-elasticbeanstalk-1.10.69.jar:/Users/fredrik/.m2/repository/com/amazonaws/aws-java-sdk-glacier/1.10.69/aws-java-sdk-glacier-1.10.69.jar:/Users/fredrik/.m2/repository/com/amazonaws/aws-java-sdk-iam/1.10.69/aws-java-sdk-iam-1.10.69.jar:/Users/fredrik/.m2/repository/com/amazonaws/aws-java-sdk-datapipeline/1.10.69/aws-java-sdk-datapipeline-1.10.69.jar:/Users/fredrik/.m2/repository/com/amazonaws/aws-java-sdk-elasticloadbalancing/1.10.69/aws-java-sdk-elasticloadbalancing-1.10.69.jar:/Users/fredrik/.m2/repository/com/amazonaws/aws-java-sdk-emr/1.10.69/aws-java-sdk-emr-1.10.69.jar:/Users/fredrik/.m2/repository/com/amazonaws/aws-java-sdk-elasticache/1.10.69/aws-java-sdk-elasticache-1.10.69.jar:/Users/fredrik/.m2/repository/com/amazonaws/aws-java-sdk-elastictranscoder/1.10.69/aws-java-sdk-elastictranscoder-1.10.69.jar:/Users/fredrik/.m2/repository/com/amazonaws/aws-java-sdk-ec2/1.10.69/aws-java-sdk-ec2-1.10.69.jar:/Users/fredrik/.m2/repository/com/amazonaws/aws-java-sdk-dynamodb/1.10.69/aws-java-sdk-dynamodb-1.10.69.jar:/Users/fredrik/.m2/repository/com/amazonaws/aws-java-sdk-sns/1.10.69/aws-java-sdk-sns-1.10.69.jar:/Users/fredrik/.m2/repository/com/amazonaws/aws-java-sdk-cloudtrail/1.10.69/aws-java-sdk-cloudtrail-1.10.69.jar:/Users/fredrik/.m2/repository/com/amazonaws/aws-java-sdk-cloudwatch/1.10.69/aws-java-sdk-cloudwatch-1.10.69.jar:/Users/fredrik/.m2/repository/com/amazonaws/aws-java-sdk-logs/1.10.69/aws-java-sdk-logs-1.10.69.jar:/Users/fredrik/.m2/repository/com/amazonaws/aws-java-sdk-events/1.10.69/aws-java-sdk-events-1.10.69.jar:/Users/fredrik/.m2/repository/com/amazonaws/aws-java-sdk-cognitoidentity/1.10.69/aws-java-sdk-cognitoidentity-1.10.69.jar:/Users/fredrik/.m2/repository/com/amazonaws/aws-java-sdk-cognitosync/1.10.69/aws-java-sdk-cognitosync-1.10.69.jar:/Users/fredrik/.m2/repository/com/amazonaws/aws-java-sdk-directconnect/1.10.69/aws-java-sdk-directconnect-1.10.69.jar:/Users/fredrik/.m2/repository/com/amazonaws/aws-java-sdk-cloudformation/1.10.69/aws-java-sdk-cloudformation-1.10.69.jar:/Users/fredrik/.m2/repository/com/amazonaws/aws-java-sdk-cloudfront/1.10.69/aws-java-sdk-cloudfront-1.10.69.jar:/Users/fredrik/.m2/repository/com/amazonaws/aws-java-sdk-kinesis/1.10.69/aws-java-sdk-kinesis-1.10.69.jar:/Users/fredrik/.m2/repository/com/amazonaws/aws-java-sdk-opsworks/1.10.69/aws-java-sdk-opsworks-1.10.69.jar:/Users/fredrik/.m2/repository/com/amazonaws/aws-java-sdk-ses/1.10.69/aws-java-sdk-ses-1.10.69.jar:/Users/fredrik/.m2/repository/com/amazonaws/aws-java-sdk-autoscaling/1.10.69/aws-java-sdk-autoscaling-1.10.69.jar:/Users/fredrik/.m2/repository/com/amazonaws/aws-java-sdk-cloudsearch/1.10.69/aws-java-sdk-cloudsearch-1.10.69.jar:/Users/fredrik/.m2/repository/com/amazonaws/aws-java-sdk-cloudwatchmetrics/1.10.69/aws-java-sdk-cloudwatchmetrics-1.10.69.jar:/Users/fredrik/.m2/repository/com/amazonaws/aws-java-sdk-swf-libraries/1.10.69/aws-java-sdk-swf-libraries-1.10.69.jar:/Users/fredrik/.m2/repository/com/amazonaws/aws-java-sdk-codedeploy/1.10.69/aws-java-sdk-codedeploy-1.10.69.jar:/Users/fredrik/.m2/repository/com/amazonaws/aws-java-sdk-codepipeline/1.10.69/aws-java-sdk-codepipeline-1.10.69.jar:/Users/fredrik/.m2/repository/com/amazonaws/aws-java-sdk-kms/1.10.69/aws-java-sdk-kms-1.10.69.jar:/Users/fredrik/.m2/repository/com/amazonaws/aws-java-sdk-config/1.10.69/aws-java-sdk-config-1.10.69.jar:/Users/fredrik/.m2/repository/com/amazonaws/aws-java-sdk-lambda/1.10.69/aws-java-sdk-lambda-1.10.69.jar:/Users/fredrik/.m2/repository/com/amazonaws/aws-java-sdk-ecs/1.10.69/aws-java-sdk-ecs-1.10.69.jar:/Users/fredrik/.m2/repository/com/amazonaws/aws-java-sdk-ecr/1.10.69/aws-java-sdk-ecr-1.10.69.jar:/Users/fredrik/.m2/repository/com/amazonaws/aws-java-sdk-cloudhsm/1.10.69/aws-java-sdk-cloudhsm-1.10.69.jar:/Users/fredrik/.m2/repository/com/amazonaws/aws-java-sdk-ssm/1.10.69/aws-java-sdk-ssm-1.10.69.jar:/Users/fredrik/.m2/repository/com/amazonaws/aws-java-sdk-workspaces/1.10.69/aws-java-sdk-workspaces-1.10.69.jar:/Users/fredrik/.m2/repository/com/amazonaws/aws-java-sdk-machinelearning/1.10.69/aws-java-sdk-machinelearning-1.10.69.jar:/Users/fredrik/.m2/repository/com/amazonaws/aws-java-sdk-directory/1.10.69/aws-java-sdk-directory-1.10.69.jar:/Users/fredrik/.m2/repository/com/amazonaws/aws-java-sdk-efs/1.10.69/aws-java-sdk-efs-1.10.69.jar:/Users/fredrik/.m2/repository/com/amazonaws/aws-java-sdk-codecommit/1.10.69/aws-java-sdk-codecommit-1.10.69.jar:/Users/fredrik/.m2/repository/com/amazonaws/aws-java-sdk-devicefarm/1.10.69/aws-java-sdk-devicefarm-1.10.69.jar:/Users/fredrik/.m2/repository/com/amazonaws/aws-java-sdk-elasticsearch/1.10.69/aws-java-sdk-elasticsearch-1.10.69.jar:/Users/fredrik/.m2/repository/com/amazonaws/aws-java-sdk-waf/1.10.69/aws-java-sdk-waf-1.10.69.jar:/Users/fredrik/.m2/repository/com/amazonaws/aws-java-sdk-marketplacecommerceanalytics/1.10.69/aws-java-sdk-marketplacecommerceanalytics-1.10.69.jar:/Users/fredrik/.m2/repository/com/amazonaws/aws-java-sdk-inspector/1.10.69/aws-java-sdk-inspector-1.10.69.jar:/Users/fredrik/.m2/repository/com/amazonaws/aws-java-sdk-iot/1.10.69/aws-java-sdk-iot-1.10.69.jar:/Users/fredrik/.m2/repository/com/amazonaws/aws-java-sdk-api-gateway/1.10.69/aws-java-sdk-api-gateway-1.10.69.jar:/Users/fredrik/.m2/repository/com/amazonaws/aws-java-sdk-acm/1.10.69/aws-java-sdk-acm-1.10.69.jar:/Users/fredrik/.m2/repository/com/amazonaws/aws-java-sdk-gamelift/1.10.69/aws-java-sdk-gamelift-1.10.69.jar:/Users/fredrik/.m2/repository/com/amazonaws/aws-java-sdk-dms/1.10.69/aws-java-sdk-dms-1.10.69.jar:/Users/fredrik/.m2/repository/com/amazonaws/aws-java-sdk-marketplacemeteringservice/1.10.69/aws-java-sdk-marketplacemeteringservice-1.10.69.jar:/Users/fredrik/.m2/repository/org/hamcrest/hamcrest-core/1.3/hamcrest-core-1.3.jar:/Users/fredrik/op/vidareutbildning/aws/development/swf_test/helloswf/target/classes
-aspectpath
/Users/fredrik/.m2/repository/com/amazonaws/aws-java-sdk/1.10.69/aws-java-sdk-1.10.69.jar
-d
/Users/fredrik/op/vidareutbildning/aws/development/swf_test/helloswf/target/classes
/Users/fredrik/op/vidareutbildning/aws/development/swf_test/helloswf/target/generated-sources/annotations/humantask/HumanTaskActivitiesClientImpl.java
/Users/fredrik/op/vidareutbildning/aws/development/swf_test/helloswf/src/main/java/simpleWorkflow/SimpleMain.java
/Users/fredrik/op/vidareutbildning/aws/development/swf_test/helloswf/target/generated-sources/annotations/humantask/HumanTaskWorkflowClientExternalFactoryImpl.java
/Users/fredrik/op/vidareutbildning/aws/development/swf_test/helloswf/target/generated-sources/annotations/flow/swf/greeter/GreeterWorkflowClient.java
/Users/fredrik/op/vidareutbildning/aws/development/swf_test/helloswf/src/main/java/hellolambda/HelloLambdaWorkflow.java
/Users/fredrik/op/vidareutbildning/aws/development/swf_test/helloswf/target/generated-sources/annotations/choice/OrderChoiceWorkflowClientExternalFactoryImpl.java
/Users/fredrik/op/vidareutbildning/aws/development/swf_test/helloswf/src/main/java/flow/swf/greeter/GreeterActivities.java
/Users/fredrik/op/vidareutbildning/aws/development/swf_test/helloswf/src/main/java/humantask/HumanTaskActivitiesImpl.java
/Users/fredrik/op/vidareutbildning/aws/development/swf_test/helloswf/src/main/java/common/WorkflowExecutionReplayer.java
/Users/fredrik/op/vidareutbildning/aws/development/swf_test/helloswf/target/generated-sources/annotations/flow/swf/greeter/GreeterWorkflowSelfClientImpl.java
/Users/fredrik/op/vidareutbildning/aws/development/swf_test/helloswf/src/main/java/distributed/swf/GreeterWorkflow.java
/Users/fredrik/op/vidareutbildning/aws/development/swf_test/helloswf/target/generated-sources/annotations/hellolambda/HelloLambdaWorkflowSelfClientImpl.java
/Users/fredrik/op/vidareutbildning/aws/development/swf_test/helloswf/src/main/java/flow/swf/greeter/GreeterWorker.java
/Users/fredrik/op/vidareutbildning/aws/development/swf_test/helloswf/src/main/java/flow/swf/greeter/GreeterWorkflowImpl.java
/Users/fredrik/op/vidareutbildning/aws/development/swf_test/helloswf/src/main/java/humantask/HumanTaskActivities.java
/Users/fredrik/op/vidareutbildning/aws/development/swf_test/helloswf/target/generated-sources/annotations/flow/swf/greeter/GreeterWorkflowClientExternal.java
/Users/fredrik/op/vidareutbildning/aws/development/swf_test/helloswf/src/main/java/humantask/HumanTaskWorkflowImpl.java
/Users/fredrik/op/vidareutbildning/aws/development/swf_test/helloswf/src/main/java/example/swf/hello/WorkflowStarter.java
/Users/fredrik/op/vidareutbildning/aws/development/swf_test/helloswf/target/generated-sources/annotations/hellolambda/HelloLambdaWorkflowSelfClient.java
/Users/fredrik/op/vidareutbildning/aws/development/swf_test/helloswf/src/main/java/distributed/swf/GreeterWorker.java
/Users/fredrik/op/vidareutbildning/aws/development/swf_test/helloswf/target/generated-sources/annotations/flow/swf/greeter/GreeterActivitiesClientImpl.java
/Users/fredrik/op/vidareutbildning/aws/development/swf_test/helloswf/src/main/java/hellolambda/WorkflowHost.java
/Users/fredrik/op/vidareutbildning/aws/development/swf_test/helloswf/src/main/java/humantask/HumanTaskTest.java
/Users/fredrik/op/vidareutbildning/aws/development/swf_test/helloswf/target/generated-sources/annotations/distributed/swf/GreeterWorkflowSelfClient.java
/Users/fredrik/op/vidareutbildning/aws/development/swf_test/helloswf/target/generated-sources/annotations/hellolambda/HelloLambdaWorkflowClientExternal.java
/Users/fredrik/op/vidareutbildning/aws/development/swf_test/helloswf/target/generated-sources/annotations/asynch/swf/GreeterWorkflowClientExternalFactory.java
/Users/fredrik/op/vidareutbildning/aws/development/swf_test/helloswf/target/generated-sources/annotations/humantask/HumanTaskWorkflowClientFactory.java
/Users/fredrik/op/vidareutbildning/aws/development/swf_test/helloswf/src/main/java/choice/ExclusiveChoiceWorkflowTest.java
/Users/fredrik/op/vidareutbildning/aws/development/swf_test/helloswf/src/main/java/choice/OrderChoiceWorkflow.java
/Users/fredrik/op/vidareutbildning/aws/development/swf_test/helloswf/target/generated-sources/annotations/simpleWorkflow/OrderWorkflowClientImpl.java
/Users/fredrik/op/vidareutbildning/aws/development/swf_test/helloswf/target/generated-sources/annotations/asynch/swf/GreeterWorkflowClientImpl.java
/Users/fredrik/op/vidareutbildning/aws/development/swf_test/helloswf/src/main/java/common/WorkflowExecutionGetState.java
/Users/fredrik/op/vidareutbildning/aws/development/swf_test/helloswf/target/generated-sources/annotations/simpleWorkflow/OrderWorkflowClient.java
/Users/fredrik/op/vidareutbildning/aws/development/swf_test/helloswf/src/main/java/choice/MultiChoiceWorkflowImpl.java
/Users/fredrik/op/vidareutbildning/aws/development/swf_test/helloswf/target/generated-sources/annotations/distributed/swf/GreeterWorkflowClientFactory.java
/Users/fredrik/op/vidareutbildning/aws/development/swf_test/helloswf/target/generated-sources/annotations/asynch/swf/GreeterActivitiesClient.java
/Users/fredrik/op/vidareutbildning/aws/development/swf_test/helloswf/target/generated-sources/annotations/simpleWorkflow/OrderWorkflowClientExternalFactoryImpl.java
/Users/fredrik/op/vidareutbildning/aws/development/swf_test/helloswf/src/main/java/distributed/swf/GreeterActivities.java
/Users/fredrik/op/vidareutbildning/aws/development/swf_test/helloswf/target/generated-sources/annotations/hellolambda/HelloLambdaWorkflowClientFactoryImpl.java
/Users/fredrik/op/vidareutbildning/aws/development/swf_test/helloswf/src/main/java/choice/ExclusiveChoiceWorkflowImpl.java
/Users/fredrik/op/vidareutbildning/aws/development/swf_test/helloswf/target/generated-sources/annotations/choice/OrderChoiceWorkflowClientImpl.java
/Users/fredrik/op/vidareutbildning/aws/development/swf_test/helloswf/target/generated-sources/annotations/hellolambda/HelloLambdaWorkflowClientExternalImpl.java
/Users/fredrik/op/vidareutbildning/aws/development/swf_test/helloswf/src/main/java/common/ConfigHelper.java
/Users/fredrik/op/vidareutbildning/aws/development/swf_test/helloswf/target/generated-sources/annotations/distributed/swf/GreeterWorkflowClientExternalFactory.java
/Users/fredrik/op/vidareutbildning/aws/development/swf_test/helloswf/target/generated-sources/annotations/humantask/HumanTaskWorkflowSelfClient.java
/Users/fredrik/op/vidareutbildning/aws/development/swf_test/helloswf/target/generated-sources/annotations/simpleWorkflow/OrderWorkflowClientExternalImpl.java
/Users/fredrik/op/vidareutbildning/aws/development/swf_test/helloswf/src/main/java/humantask/HumanTaskMain.java
/Users/fredrik/op/vidareutbildning/aws/development/swf_test/helloswf/target/generated-sources/annotations/asynch/swf/GreeterWorkflowSelfClientImpl.java
/Users/fredrik/op/vidareutbildning/aws/development/swf_test/helloswf/target/generated-sources/annotations/choice/OrderChoiceWorkflowClient.java
/Users/fredrik/op/vidareutbildning/aws/development/swf_test/helloswf/target/generated-sources/annotations/distributed/swf/GreeterWorkflowClientExternalFactoryImpl.java
/Users/fredrik/op/vidareutbildning/aws/development/swf_test/helloswf/target/generated-sources/annotations/humantask/HumanTaskWorkflowClientExternalImpl.java
/Users/fredrik/op/vidareutbildning/aws/development/swf_test/helloswf/target/generated-sources/annotations/humantask/HumanTaskWorkflowClientExternalFactory.java
/Users/fredrik/op/vidareutbildning/aws/development/swf_test/helloswf/src/main/java/choice/OrderActivities.java
/Users/fredrik/op/vidareutbildning/aws/development/swf_test/helloswf/target/generated-sources/annotations/choice/OrderChoiceWorkflowClientFactoryImpl.java
/Users/fredrik/op/vidareutbildning/aws/development/swf_test/helloswf/src/main/java/humantask/HumanTaskConsole.java
/Users/fredrik/op/vidareutbildning/aws/development/swf_test/helloswf/target/generated-sources/annotations/asynch/swf/GreeterWorkflowClientFactory.java
/Users/fredrik/op/vidareutbildning/aws/development/swf_test/helloswf/target/generated-sources/annotations/choice/OrderChoiceWorkflowSelfClientImpl.java
/Users/fredrik/op/vidareutbildning/aws/development/swf_test/helloswf/target/generated-sources/annotations/distributed/swf/GreeterWorkflowClientImpl.java
/Users/fredrik/op/vidareutbildning/aws/development/swf_test/helloswf/target/generated-sources/annotations/simpleWorkflow/OrderActivitiesClient.java
/Users/fredrik/op/vidareutbildning/aws/development/swf_test/helloswf/target/generated-sources/annotations/hellolambda/HelloLambdaWorkflowClientImpl.java
/Users/fredrik/op/vidareutbildning/aws/development/swf_test/helloswf/target/generated-sources/annotations/flow/swf/greeter/GreeterWorkflowClientFactory.java
/Users/fredrik/op/vidareutbildning/aws/development/swf_test/helloswf/target/generated-sources/annotations/hellolambda/HelloLambdaWorkflowClient.java
/Users/fredrik/op/vidareutbildning/aws/development/swf_test/helloswf/target/generated-sources/annotations/hellolambda/HelloLambdaWorkflowClientExternalFactory.java
/Users/fredrik/op/vidareutbildning/aws/development/swf_test/helloswf/src/main/java/distributed/swf/GreeterWorkflowImpl.java
/Users/fredrik/op/vidareutbildning/aws/development/swf_test/helloswf/src/main/java/asynch/swf/GreeterMain.java
/Users/fredrik/op/vidareutbildning/aws/development/swf_test/helloswf/src/main/java/simpleWorkflow/OrderActivities.java
/Users/fredrik/op/vidareutbildning/aws/development/swf_test/helloswf/target/generated-sources/annotations/simpleWorkflow/OrderWorkflowClientExternal.java
/Users/fredrik/op/vidareutbildning/aws/development/swf_test/helloswf/target/generated-sources/annotations/flow/swf/greeter/GreeterWorkflowClientExternalFactory.java
/Users/fredrik/op/vidareutbildning/aws/development/swf_test/helloswf/target/generated-sources/annotations/asynch/swf/GreeterWorkflowClientFactoryImpl.java
/Users/fredrik/op/vidareutbildning/aws/development/swf_test/helloswf/target/generated-sources/annotations/humantask/HumanTaskWorkflowSelfClientImpl.java
/Users/fredrik/op/vidareutbildning/aws/development/swf_test/helloswf/src/main/java/simpleWorkflow/StartWorkers.java
/Users/fredrik/op/vidareutbildning/aws/development/swf_test/helloswf/src/main/java/choice/MultiChoiceWorkflowTest.java
/Users/fredrik/op/vidareutbildning/aws/development/swf_test/helloswf/target/generated-sources/annotations/simpleWorkflow/OrderWorkflowClientFactory.java
/Users/fredrik/op/vidareutbildning/aws/development/swf_test/helloswf/target/generated-sources/annotations/distributed/swf/GreeterActivitiesClientImpl.java
/Users/fredrik/op/vidareutbildning/aws/development/swf_test/helloswf/src/main/java/simpleWorkflow/OrderWorkflow.java
/Users/fredrik/op/vidareutbildning/aws/development/swf_test/helloswf/target/generated-sources/annotations/choice/OrderActivitiesClientImpl.java
/Users/fredrik/op/vidareutbildning/aws/development/swf_test/helloswf/src/main/java/common/RegistrationDefaults.java
/Users/fredrik/op/vidareutbildning/aws/development/swf_test/helloswf/target/generated-sources/annotations/simpleWorkflow/OrderWorkflowSelfClient.java
/Users/fredrik/op/vidareutbildning/aws/development/swf_test/helloswf/target/generated-sources/annotations/choice/OrderChoiceWorkflowClientExternal.java
/Users/fredrik/op/vidareutbildning/aws/development/swf_test/helloswf/src/main/java/asynch/swf/GreeterWorker.java
/Users/fredrik/op/vidareutbildning/aws/development/swf_test/helloswf/src/main/java/flow/swf/greeter/GreeterMain.java
/Users/fredrik/op/vidareutbildning/aws/development/swf_test/helloswf/src/main/java/hellolambda/HelloLambdaWorkflowImpl.java
/Users/fredrik/op/vidareutbildning/aws/development/swf_test/helloswf/src/main/java/asynch/swf/GreeterWorkflowImpl.java
/Users/fredrik/op/vidareutbildning/aws/development/swf_test/helloswf/src/main/java/asynch/swf/GreeterActivities.java
/Users/fredrik/op/vidareutbildning/aws/development/swf_test/helloswf/target/generated-sources/annotations/simpleWorkflow/OrderActivitiesClientImpl.java
/Users/fredrik/op/vidareutbildning/aws/development/swf_test/helloswf/target/generated-sources/annotations/asynch/swf/GreeterWorkflowClientExternalImpl.java
/Users/fredrik/op/vidareutbildning/aws/development/swf_test/helloswf/target/generated-sources/annotations/flow/swf/greeter/GreeterWorkflowClientImpl.java
/Users/fredrik/op/vidareutbildning/aws/development/swf_test/helloswf/target/generated-sources/annotations/humantask/HumanTaskWorkflowClientFactoryImpl.java
/Users/fredrik/op/vidareutbildning/aws/development/swf_test/helloswf/target/generated-sources/annotations/simpleWorkflow/OrderWorkflowClientExternalFactory.java
/Users/fredrik/op/vidareutbildning/aws/development/swf_test/helloswf/src/main/java/common/WorkflowExecutionHistoryPrinter.java
/Users/fredrik/op/vidareutbildning/aws/development/swf_test/helloswf/src/main/java/simpleWorkflow/OrderWorkflowImpl.java
/Users/fredrik/op/vidareutbildning/aws/development/swf_test/helloswf/target/generated-sources/annotations/humantask/HumanTaskActivitiesClient.java
/Users/fredrik/op/vidareutbildning/aws/development/swf_test/helloswf/target/generated-sources/annotations/simpleWorkflow/OrderWorkflowClientFactoryImpl.java
/Users/fredrik/op/vidareutbildning/aws/development/swf_test/helloswf/src/main/java/common/ConfigKeys.java
/Users/fredrik/op/vidareutbildning/aws/development/swf_test/helloswf/src/main/java/humantask/HumanTaskWorkflow.java
/Users/fredrik/op/vidareutbildning/aws/development/swf_test/helloswf/target/generated-sources/annotations/humantask/HumanTaskWorkflowClient.java
/Users/fredrik/op/vidareutbildning/aws/development/swf_test/helloswf/target/generated-sources/annotations/simpleWorkflow/OrderWorkflowSelfClientImpl.java
/Users/fredrik/op/vidareutbildning/aws/development/swf_test/helloswf/src/main/java/common/WorkflowExecutionFlowThreadDumper.java
/Users/fredrik/op/vidareutbildning/aws/development/swf_test/helloswf/target/generated-sources/annotations/flow/swf/greeter/GreeterActivitiesClient.java
/Users/fredrik/op/vidareutbildning/aws/development/swf_test/helloswf/target/generated-sources/annotations/distributed/swf/GreeterActivitiesClient.java
/Users/fredrik/op/vidareutbildning/aws/development/swf_test/helloswf/target/generated-sources/annotations/asynch/swf/GreeterWorkflowClient.java
/Users/fredrik/op/vidareutbildning/aws/development/swf_test/helloswf/src/main/java/hellolambda/WorkflowExecutionStarter.java
/Users/fredrik/op/vidareutbildning/aws/development/swf_test/helloswf/src/main/java/distributed/swf/GreeterActivitiesImpl.java
/Users/fredrik/op/vidareutbildning/aws/development/swf_test/helloswf/src/main/java/simpleWorkflow/OrderActivitiesImpl.java
/Users/fredrik/op/vidareutbildning/aws/development/swf_test/helloswf/target/generated-sources/annotations/asynch/swf/GreeterWorkflowClientExternal.java
/Users/fredrik/op/vidareutbildning/aws/development/swf_test/helloswf/src/main/java/example/swf/hello/WorkflowWorker.java
/Users/fredrik/op/vidareutbildning/aws/development/swf_test/helloswf/target/generated-sources/annotations/distributed/swf/GreeterWorkflowSelfClientImpl.java
/Users/fredrik/op/vidareutbildning/aws/development/swf_test/helloswf/target/generated-sources/annotations/choice/OrderChoiceWorkflowClientExternalFactory.java
/Users/fredrik/op/vidareutbildning/aws/development/swf_test/helloswf/target/generated-sources/annotations/hellolambda/HelloLambdaWorkflowClientExternalFactoryImpl.java
/Users/fredrik/op/vidareutbildning/aws/development/swf_test/helloswf/target/generated-sources/annotations/choice/OrderChoiceWorkflowClientFactory.java
/Users/fredrik/op/vidareutbildning/aws/development/swf_test/helloswf/target/generated-sources/annotations/distributed/swf/GreeterWorkflowClientExternalImpl.java
/Users/fredrik/op/vidareutbildning/aws/development/swf_test/helloswf/src/main/java/choice/OrderChoice.java
/Users/fredrik/op/vidareutbildning/aws/development/swf_test/helloswf/target/generated-sources/annotations/distributed/swf/GreeterWorkflowClientFactoryImpl.java
/Users/fredrik/op/vidareutbildning/aws/development/swf_test/helloswf/target/generated-sources/annotations/flow/swf/greeter/GreeterWorkflowClientExternalFactoryImpl.java
/Users/fredrik/op/vidareutbildning/aws/development/swf_test/helloswf/src/main/java/asynch/swf/GreeterWorkflow.java
/Users/fredrik/op/vidareutbildning/aws/development/swf_test/helloswf/target/generated-sources/annotations/flow/swf/greeter/GreeterWorkflowClientExternalImpl.java
/Users/fredrik/op/vidareutbildning/aws/development/swf_test/helloswf/src/main/java/asynch/swf/GreeterActivitiesImpl.java
/Users/fredrik/op/vidareutbildning/aws/development/swf_test/helloswf/target/generated-sources/annotations/asynch/swf/GreeterWorkflowSelfClient.java
/Users/fredrik/op/vidareutbildning/aws/development/swf_test/helloswf/target/generated-sources/annotations/flow/swf/greeter/GreeterWorkflowSelfClient.java
/Users/fredrik/op/vidareutbildning/aws/development/swf_test/helloswf/target/generated-sources/annotations/flow/swf/greeter/GreeterWorkflowClientFactoryImpl.java
/Users/fredrik/op/vidareutbildning/aws/development/swf_test/helloswf/target/generated-sources/annotations/choice/OrderActivitiesClient.java
/Users/fredrik/op/vidareutbildning/aws/development/swf_test/helloswf/target/generated-sources/annotations/choice/OrderChoiceWorkflowSelfClient.java
/Users/fredrik/op/vidareutbildning/aws/development/swf_test/helloswf/target/generated-sources/annotations/distributed/swf/GreeterWorkflowClient.java
/Users/fredrik/op/vidareutbildning/aws/development/swf_test/helloswf/target/generated-sources/annotations/asynch/swf/GreeterWorkflowClientExternalFactoryImpl.java
/Users/fredrik/op/vidareutbildning/aws/development/swf_test/helloswf/target/generated-sources/annotations/humantask/HumanTaskWorkflowClientExternal.java
/Users/fredrik/op/vidareutbildning/aws/development/swf_test/helloswf/src/main/java/distributed/swf/GreeterMain.java
/Users/fredrik/op/vidareutbildning/aws/development/swf_test/helloswf/src/main/java/common/SampleConstants.java
/Users/fredrik/op/vidareutbildning/aws/development/swf_test/helloswf/target/generated-sources/annotations/humantask/HumanTaskWorkflowClientImpl.java
/Users/fredrik/op/vidareutbildning/aws/development/swf_test/helloswf/src/main/java/flow/swf/greeter/GreeterActivitiesImpl.java
/Users/fredrik/op/vidareutbildning/aws/development/swf_test/helloswf/src/main/java/example/swf/hello/HelloTypes.java
/Users/fredrik/op/vidareutbildning/aws/development/swf_test/helloswf/target/generated-sources/annotations/hellolambda/HelloLambdaWorkflowClientFactory.java
/Users/fredrik/op/vidareutbildning/aws/development/swf_test/helloswf/src/main/java/flow/swf/greeter/GreeterWorkflow.java
/Users/fredrik/op/vidareutbildning/aws/development/swf_test/helloswf/src/main/java/example/swf/hello/ActivityWorker.java
/Users/fredrik/op/vidareutbildning/aws/development/swf_test/helloswf/target/generated-sources/annotations/asynch/swf/GreeterActivitiesClientImpl.java
/Users/fredrik/op/vidareutbildning/aws/development/swf_test/helloswf/target/generated-sources/annotations/choice/OrderChoiceWorkflowClientExternalImpl.java
/Users/fredrik/op/vidareutbildning/aws/development/swf_test/helloswf/target/generated-sources/annotations/distributed/swf/GreeterWorkflowClientExternal.java
/Users/fredrik/op/vidareutbildning/aws/development/swf_test/helloswf/src/main/java/simpleWorkflow/Order.java
